DEBUG JavaFX Application Thread org.jboss.weld.Bootstrap - WELD-000106: Bean: Implicit Bean [javax.enterprise.inject.spi.InjectionPoint] with qualifiers [@Default]
DEBUG JavaFX Application Thread org.jboss.weld.Bootstrap - WELD-000106: Bean: Managed Bean [class br.com.datarey.frame.UsuarioSearchPopUp] with qualifiers [@Any @Default]
DEBUG JavaFX Application Thread org.jboss.weld.Bootstrap - WELD-000106: Bean: Managed Bean [class br.com.datarey.test.entity.Usuario] with qualifiers [@Any @Default]
DEBUG JavaFX Application Thread org.jboss.weld.Bootstrap - WELD-000106: Bean: WELD%AbstractBuiltInBean%/home/henrique/git/infra-javaFX/infra-javaFX/target/classes%BoundSessionContext
DEBUG JavaFX Application Thread org.jboss.weld.Bootstrap - WELD-000106: Bean: Implicit Bean [javax.enterprise.inject.spi.Interceptor] with qualifiers [@Default]
DEBUG JavaFX Application Thread org.jboss.weld.Bootstrap - WELD-000106: Bean: WELD%AbstractBuiltInBean%/home/henrique/git/infra-javaFX/infra-javaFX/target/classes%BoundConversationContext
DEBUG JavaFX Application Thread org.jboss.weld.Bootstrap - WELD-000106: Bean: Implicit Bean [javax.enterprise.inject.spi.Bean] with qualifiers [@Intercepted]
DEBUG JavaFX Application Thread org.jboss.weld.Bootstrap - WELD-000106: Bean: Managed Bean [class br.com.datarey.frame.UsuarioSearchController] with qualifiers [@Any @Default]
DEBUG JavaFX Application Thread org.jboss.weld.Bootstrap - WELD-000106: Bean: WELD%AbstractBuiltInBean%/home/henrique/git/infra-javaFX/infra-javaFX/target/classes%RequestContext
DEBUG JavaFX Application Thread org.jboss.weld.Bootstrap - WELD-000106: Bean: Implicit Bean [javax.enterprise.inject.Instance] with qualifiers [@Default]
DEBUG JavaFX Application Thread org.jboss.weld.Bootstrap - WELD-000106: Bean: Producer Method [FXMLLoader] with qualifiers [@Any @Default] declared as [[BackedAnnotatedMethod] @Produces public br.com.datarey.cdi.FXMLLoaderProducer.createLoader()]
DEBUG JavaFX Application Thread org.jboss.weld.Bootstrap - WELD-000106: Bean: WELD%AbstractBuiltInBean%/home/henrique/git/infra-javaFX/infra-javaFX/target/classes%BoundRequestContext
DEBUG JavaFX Application Thread org.jboss.weld.Bootstrap - WELD-000106: Bean: Implicit Bean [javax.enterprise.inject.spi.Decorator] with qualifiers [@Default]
DEBUG JavaFX Application Thread org.jboss.weld.Bootstrap - WELD-000106: Bean: Managed Bean [class br.com.datarey.frame.dialog.ItemTipoPesquisaConverter] with qualifiers [@Any @Default]
DEBUG JavaFX Application Thread org.jboss.weld.Bootstrap - WELD-000106: Bean: Managed Bean [class br.com.datarey.controller.exeption.ImpossivelObterNovaInstanciaException] with qualifiers [@Any @Default]
DEBUG JavaFX Application Thread org.jboss.weld.Bootstrap - WELD-000106: Bean: Implicit Bean [javax.enterprise.inject.spi.Bean] with qualifiers [@Default]
DEBUG JavaFX Application Thread org.jboss.weld.Bootstrap - WELD-000106: Bean: WELD%AbstractBuiltInBean%/home/henrique/git/infra-javaFX/infra-javaFX/target/classes%Conversation
DEBUG JavaFX Application Thread org.jboss.weld.Bootstrap - WELD-000106: Bean: WELD%AbstractBuiltInBean%/home/henrique/git/infra-javaFX/infra-javaFX/target/classes%DependentContext
DEBUG JavaFX Application Thread org.jboss.weld.Bootstrap - WELD-000106: Bean: Managed Bean [class br.com.datarey.controller.exeption.ImpossivelObterValorException] with qualifiers [@Any @Default]
DEBUG JavaFX Application Thread org.jboss.weld.Bootstrap - WELD-000109: ObserverMethod: [BackedAnnotatedMethod] public br.com.datarey.frame.dialog.BaseSearchController.onAddRegistroEvent(@Observes AddRegistroResponceEvent)
DEBUG JavaFX Application Thread org.jboss.weld.Bootstrap - WELD-000106: Bean: WELD%AbstractBuiltInBean%/home/henrique/git/generic-dao/generic-dao/target/classes%BoundRequestContext
DEBUG JavaFX Application Thread org.jboss.weld.Bootstrap - WELD-000106: Bean: Managed Bean [class br.com.generic.dao.rules.InRule] with qualifiers [@Any @Default]
DEBUG JavaFX Application Thread org.jboss.weld.Bootstrap - WELD-000106: Bean: WELD%AbstractBuiltInBean%/home/henrique/git/generic-dao/generic-dao/target/classes%BoundConversationContext
DEBUG JavaFX Application Thread org.jboss.weld.Bootstrap - WELD-000106: Bean: Implicit Bean [javax.enterprise.inject.spi.Bean] with qualifiers [@Intercepted]
DEBUG JavaFX Application Thread org.jboss.weld.Bootstrap - WELD-000106: Bean: Managed Bean [class br.com.generic.dao.rules.GreaterThanOrEqualToRule] with qualifiers [@Any @Default]
DEBUG JavaFX Application Thread org.jboss.weld.Bootstrap - WELD-000106: Bean: Implicit Bean [javax.enterprise.inject.spi.EventMetadata] with qualifiers [@Default]
DEBUG JavaFX Application Thread org.jboss.weld.Bootstrap - WELD-000106: Bean: Managed Bean [class br.com.generic.dao.Parameter] with qualifiers [@Any @Default]
DEBUG JavaFX Application Thread org.jboss.weld.Bootstrap - WELD-000106: Bean: Implicit Bean [javax.enterprise.inject.spi.Bean] with qualifiers [@Decorated]
DEBUG JavaFX Application Thread org.jboss.weld.Bootstrap - WELD-000106: Bean: Managed Bean [class br.com.generic.dao.rules.IsNotMemberRule] with qualifiers [@Any @Default]
DEBUG JavaFX Application Thread org.jboss.weld.Bootstrap - WELD-000106: Bean: WELD%AbstractBuiltInBean%/home/henrique/git/generic-dao/generic-dao/target/classes%RequestContext
DEBUG JavaFX Application Thread org.jboss.weld.Bootstrap - WELD-000106: Bean: WELD%AbstractBuiltInBean%/home/henrique/git/generic-dao/generic-dao/target/classes%Conversation
DEBUG JavaFX Application Thread org.jboss.weld.Bootstrap - WELD-000106: Bean: Implicit Bean [javax.enterprise.event.Event] with qualifiers [@Default]
DEBUG JavaFX Application Thread org.jboss.weld.Bootstrap - WELD-000106: Bean: Implicit Bean [javax.enterprise.inject.spi.Decorator] with qualifiers [@Default]
DEBUG JavaFX Application Thread org.jboss.weld.Bootstrap - WELD-000106: Bean: WELD%AbstractBuiltInBean%/home/henrique/git/generic-dao/generic-dao/target/classes%BoundSessionContext
DEBUG JavaFX Application Thread org.jboss.weld.Bootstrap - WELD-000106: Bean: Implicit Bean [javax.enterprise.inject.spi.InjectionPoint] with qualifiers [@Default]
DEBUG JavaFX Application Thread org.jboss.weld.Bootstrap - WELD-000106: Bean: WELD%AbstractBuiltInBean%/home/henrique/git/generic-dao/generic-dao/target/classes%DependentContext
DEBUG JavaFX Application Thread org.jboss.weld.Bootstrap - WELD-000106: Bean: Managed Bean [class br.com.generic.dao.rules.GreaterThanRule] with qualifiers [@Any @Default]
DEBUG JavaFX Application Thread org.jboss.weld.Bootstrap - WELD-000106: Bean: Managed Bean [class br.com.generic.dao.rules.LessThanOrEqualToRule] with qualifiers [@Any @Default]
DEBUG JavaFX Application Thread org.jboss.weld.Bootstrap - WELD-000106: Bean: Managed Bean [class br.com.generic.dao.exception.DuplicateResultException] with qualifiers [@Any @Default]
DEBUG JavaFX Application Thread org.jboss.weld.Bootstrap - WELD-000106: Bean: Implicit Bean [javax.enterprise.inject.spi.Interceptor] with qualifiers [@Default]
DEBUG JavaFX Application Thread org.jboss.weld.Bootstrap - WELD-000106: Bean: WELD%AbstractBuiltInBean%/home/henrique/git/generic-dao/generic-dao/target/classes%SingletonContext
DEBUG JavaFX Application Thread org.jboss.weld.Bootstrap - WELD-000106: Bean: Managed Bean [class br.com.generic.dao.exception.PredicateInvalidException] with qualifiers [@Any @Default]
DEBUG JavaFX Application Thread org.jboss.weld.Bootstrap - WELD-000106: Bean: Managed Bean [class br.com.generic.dao.rules.NotLikeRule] with qualifiers [@Any @Default]
DEBUG JavaFX Application Thread org.jboss.weld.Bootstrap - WELD-000106: Bean: Managed Bean [class br.com.generic.exceptions.BaseRuntimeException] with qualifiers [@Any @Default]
DEBUG JavaFX Application Thread org.jboss.weld.Bootstrap - WELD-000106: Bean: Managed Bean [class br.com.generic.dao.rules.BetweenRule] with qualifiers [@Any @Default]
DEBUG JavaFX Application Thread org.jboss.weld.Bootstrap - WELD-000106: Bean: Implicit Bean [javax.enterprise.inject.spi.Bean] with qualifiers [@Default]
DEBUG JavaFX Application Thread org.jboss.weld.Bootstrap - WELD-000106: Bean: WELD%AbstractBuiltInBean%/home/henrique/git/generic-dao/generic-dao/target/classes%ApplicationContext
DEBUG JavaFX Application Thread org.jboss.weld.Bootstrap - WELD-000106: Bean: Managed Bean [class br.com.generic.dao.exception.NotedInvokeMethodException] with qualifiers [@Any @Default]
DEBUG JavaFX Application Thread org.jboss.weld.Bootstrap - WELD-000106: Bean: Managed Bean [class br.com.generic.dao.rules.LikeRule] with qualifiers [@Any @Default]
DEBUG JavaFX Application Thread org.jboss.weld.Bootstrap - WELD-000106: Bean: Managed Bean [class br.com.generic.dao.rules.LessThanRule] with qualifiers [@Any @Default]
DEBUG JavaFX Application Thread org.jboss.weld.Bootstrap - WELD-000106: Bean: Managed Bean [class br.com.generic.dao.rules.IsNullRule] with qualifiers [@Any @Default]
DEBUG JavaFX Application Thread org.jboss.weld.Bootstrap - WELD-000106: Bean: Managed Bean [class br.com.generic.dao.rules.NotEqualRule] with qualifiers [@Any @Default]
DEBUG JavaFX Application Thread org.jboss.weld.Bootstrap - WELD-000106: Bean: Managed Bean [class br.com.generic.dao.rules.IsMemberRule] with qualifiers [@Any @Default]
DEBUG JavaFX Application Thread org.jboss.weld.Bootstrap - WELD-000106: Bean: Managed Bean [class br.com.generic.dao.rules.EqualRule] with qualifiers [@Any @Default]
DEBUG JavaFX Application Thread org.jboss.weld.Bootstrap - WELD-000106: Bean: Implicit Bean [javax.enterprise.inject.Instance] with qualifiers [@Default]
DEBUG JavaFX Application Thread org.jboss.weld.Bootstrap - WELD-000106: Bean: Managed Bean [class br.com.generic.dao.rules.IsNotNullRule] with qualifiers [@Any @Default]
DEBUG JavaFX Application Thread org.jboss.weld.Bootstrap - WELD-000106: Bean: Managed Bean [class br.com.datarey.dao.UsuarioDaoImpl] with qualifiers [@Any @Default]
DEBUG JavaFX Application Thread org.jboss.weld.Bootstrap - WELD-000106: Bean: Managed Bean [class br.com.datarey.service.UsuarioServiceImpl] with qualifiers [@Any @Default]
DEBUG JavaFX Application Thread org.jboss.weld.Bootstrap - WELD-000106: Bean: Implicit Bean [javax.enterprise.inject.spi.InjectionPoint] with qualifiers [@Default]
DEBUG JavaFX Application Thread org.jboss.weld.Bootstrap - WELD-000106: Bean: WELD%AbstractBuiltInBean%/home/henrique/git/infrastructure/infrastructure/target/classes%BoundRequestContext
DEBUG JavaFX Application Thread org.jboss.weld.Bootstrap - WELD-000106: Bean: WELD%AbstractBuiltInBean%/home/henrique/git/infrastructure/infrastructure/target/classes%RequestContext
DEBUG JavaFX Application Thread org.jboss.weld.Bootstrap - WELD-000106: Bean: Managed Bean [class br.com.datarey.model.type.Medida] with qualifiers [@Any @Default]
DEBUG JavaFX Application Thread org.jboss.weld.Bootstrap - WELD-000106: Bean: Implicit Bean [javax.enterprise.inject.spi.EventMetadata] with qualifiers [@Default]
DEBUG JavaFX Application Thread org.jboss.weld.Bootstrap - WELD-000106: Bean: WELD%AbstractBuiltInBean%/home/henrique/git/infrastructure/infrastructure/target/classes%BoundSessionContext
DEBUG JavaFX Application Thread org.jboss.weld.Bootstrap - WELD-000106: Bean: Managed Bean [class br.com.datarey.transactional.TransactionalReturn] with qualifiers [@Any @Default]
DEBUG JavaFX Application Thread org.jboss.weld.Bootstrap - WELD-000106: Bean: Managed Bean [class br.com.datarey.context.Context] with qualifiers [@Any @Default]
DEBUG JavaFX Application Thread org.jboss.weld.Bootstrap - WELD-000106: Bean: Managed Bean [class br.com.datarey.model.type.FatorConversao] with qualifiers [@Any @Default]
DEBUG JavaFX Application Thread org.jboss.weld.Bootstrap - WELD-000106: Bean: Implicit Bean [javax.enterprise.inject.spi.Bean] with qualifiers [@Intercepted]
DEBUG JavaFX Application Thread org.jboss.weld.Bootstrap - WELD-000106: Bean: Managed Bean [class br.com.datarey.model.type.Dinheiro] with qualifiers [@Any @Default]
DEBUG JavaFX Application Thread org.jboss.weld.Bootstrap - WELD-000106: Bean: Managed Bean [class br.com.datarey.Util.LocalDateTimePersistenceConverter] with qualifiers [@Any @Default]
DEBUG JavaFX Application Thread org.jboss.weld.Bootstrap - WELD-000106: Bean: Managed Bean [class br.com.datarey.dao.JpaUtil] with qualifiers [@Any @Default]
DEBUG JavaFX Application Thread org.jboss.weld.Bootstrap - WELD-000106: Bean: Implicit Bean [javax.enterprise.inject.Instance] with qualifiers [@Default]
DEBUG JavaFX Application Thread org.jboss.weld.Bootstrap - WELD-000106: Bean: WELD%AbstractBuiltInBean%/home/henrique/git/infrastructure/infrastructure/target/classes%Conversation
DEBUG JavaFX Application Thread org.jboss.weld.Bootstrap - WELD-000106: Bean: Managed Bean [class br.com.datarey.model.type.Percentual] with qualifiers [@Any @Default]
DEBUG JavaFX Application Thread org.jboss.weld.Bootstrap - WELD-000106: Bean: Managed Bean [class br.com.datarey.model.type.Dinheiro4] with qualifiers [@Any @Default]
DEBUG JavaFX Application Thread org.jboss.weld.Bootstrap - WELD-000106: Bean: WELD%AbstractBuiltInBean%/home/henrique/git/infrastructure/infrastructure/target/classes%DependentContext
DEBUG JavaFX Application Thread org.jboss.weld.Bootstrap - WELD-000106: Bean: Managed Bean [class br.com.datarey.model.Usuario] with qualifiers [@Any @Default]
DEBUG JavaFX Application Thread org.jboss.weld.Bootstrap - WELD-000106: Bean: Implicit Bean [javax.enterprise.inject.spi.Bean] with qualifiers [@Default]
DEBUG JavaFX Application Thread org.jboss.weld.Bootstrap - WELD-000106: Bean: WELD%AbstractBuiltInBean%/home/henrique/git/infrastructure/infrastructure/target/classes%SingletonContext
DEBUG JavaFX Application Thread org.jboss.weld.Bootstrap - WELD-000106: Bean: Implicit Bean [javax.enterprise.inject.spi.Bean] with qualifiers [@Decorated]
DEBUG JavaFX Application Thread org.jboss.weld.Bootstrap - WELD-000106: Bean: Managed Bean [class br.com.datarey.dao.BaseDaoImpl] with qualifiers [@Any @Default]
DEBUG JavaFX Application Thread org.jboss.weld.Bootstrap - WELD-000106: Bean: Implicit Bean [javax.enterprise.inject.spi.Decorator] with qualifiers [@Default]
DEBUG JavaFX Application Thread org.jboss.weld.Bootstrap - WELD-000106: Bean: Managed Bean [class br.com.datarey.exception.BaseException] with qualifiers [@Any @Default]
DEBUG JavaFX Application Thread org.jboss.weld.Bootstrap - WELD-000106: Bean: WELD%AbstractBuiltInBean%/home/henrique/git/infrastructure/infrastructure/target/classes%ApplicationContext
DEBUG JavaFX Application Thread org.jboss.weld.Bootstrap - WELD-000106: Bean: Implicit Bean [javax.enterprise.inject.spi.Interceptor] with qualifiers [@Default]
DEBUG JavaFX Application Thread org.jboss.weld.Bootstrap - WELD-000106: Bean: Managed Bean [class br.com.datarey.model.type.Dinheiro3] with qualifiers [@Any @Default]
DEBUG JavaFX Application Thread org.jboss.weld.Bootstrap - WELD-000106: Bean: WELD%AbstractBuiltInBean%/home/henrique/git/infrastructure/infrastructure/target/classes%BoundConversationContext
DEBUG JavaFX Application Thread org.jboss.weld.Bootstrap - WELD-000106: Bean: Implicit Bean [javax.enterprise.event.Event] with qualifiers [@Default]
DEBUG JavaFX Application Thread org.jboss.weld.Bootstrap - WELD-000106: Bean: Managed Bean [class br.com.datarey.Util.LocalDatePersistenceConverter] with qualifiers [@Any @Default]
DEBUG JavaFX Application Thread org.jboss.weld.Bootstrap - WELD-000106: Bean: Managed Bean [class br.com.datarey.service.ItemPesquisa] with qualifiers [@Any @Default]
DEBUG JavaFX Application Thread org.jboss.weld.Bootstrap - WELD-000106: Bean: WELD%AbstractBuiltInBean%org.jboss.weld.environment.deployment.WeldDeployment.additionalClasses%DependentContext
DEBUG JavaFX Application Thread org.jboss.weld.Bootstrap - WELD-000106: Bean: Implicit Bean [javax.enterprise.inject.spi.Bean] with qualifiers [@Decorated]
DEBUG JavaFX Application Thread org.jboss.weld.Bootstrap - WELD-000106: Bean: WELD%AbstractBuiltInBean%org.jboss.weld.environment.deployment.WeldDeployment.additionalClasses%BoundConversationContext
DEBUG JavaFX Application Thread org.jboss.weld.Bootstrap - WELD-000106: Bean: Implicit Bean [javax.enterprise.inject.spi.Bean] with qualifiers [@Intercepted]
DEBUG JavaFX Application Thread org.jboss.weld.Bootstrap - WELD-000106: Bean: Implicit Bean [javax.enterprise.inject.spi.Bean] with qualifiers [@Default]
DEBUG JavaFX Application Thread org.jboss.weld.Bootstrap - WELD-000106: Bean: Producer Method [String[]] with qualifiers [@Parameters @Any] declared as [[UnbackedAnnotatedMethod] @Produces @Parameters public org.jboss.weld.environment.se.beans.ParametersFactory.getArgsAsArray()]
DEBUG JavaFX Application Thread org.jboss.weld.Bootstrap - WELD-000106: Bean: Producer Method [List<String>] with qualifiers [@Parameters @Any] declared as [[UnbackedAnnotatedMethod] @Produces @Parameters public org.jboss.weld.environment.se.beans.ParametersFactory.getArgs()]
DEBUG JavaFX Application Thread org.jboss.weld.Bootstrap - WELD-000106: Bean: WELD%AbstractBuiltInBean%org.jboss.weld.environment.deployment.WeldDeployment.additionalClasses%BoundSessionContext
DEBUG JavaFX Application Thread org.jboss.weld.Bootstrap - WELD-000106: Bean: WELD%AbstractBuiltInBean%org.jboss.weld.environment.deployment.WeldDeployment.additionalClasses%ApplicationContext
DEBUG JavaFX Application Thread org.jboss.weld.Bootstrap - WELD-000106: Bean: Implicit Bean [javax.enterprise.inject.spi.Decorator] with qualifiers [@Default]
DEBUG JavaFX Application Thread org.jboss.weld.Bootstrap - WELD-000106: Bean: WELD%AbstractBuiltInBean%org.jboss.weld.environment.deployment.WeldDeployment.additionalClasses%RequestContext
DEBUG JavaFX Application Thread org.jboss.weld.Bootstrap - WELD-000106: Bean: Implicit Bean [javax.enterprise.event.Event] with qualifiers [@Default]
DEBUG JavaFX Application Thread org.jboss.weld.Bootstrap - WELD-000106: Bean: Implicit Bean [javax.enterprise.inject.spi.InjectionPoint] with qualifiers [@Default]
DEBUG JavaFX Application Thread org.jboss.weld.Bootstrap - WELD-000106: Bean: Managed Bean [class org.jboss.weld.environment.se.beans.ParametersFactory] with qualifiers [@Any @Default]
DEBUG JavaFX Application Thread org.jboss.weld.Bootstrap - WELD-000106: Bean: Managed Bean [class org.jboss.weld.environment.se.WeldContainer] with qualifiers [@Any @Default]
DEBUG JavaFX Application Thread org.jboss.weld.Bootstrap - WELD-000106: Bean: WELD%AbstractBuiltInBean%org.jboss.weld.environment.deployment.WeldDeployment.additionalClasses%Conversation
DEBUG JavaFX Application Thread org.jboss.weld.Bootstrap - WELD-000106: Bean: Implicit Bean [javax.enterprise.inject.spi.Interceptor] with qualifiers [@Default]
DEBUG JavaFX Application Thread org.jboss.weld.Bootstrap - WELD-000106: Bean: Implicit Bean [javax.enterprise.inject.Instance] with qualifiers [@Default]
DEBUG JavaFX Application Thread org.jboss.weld.Bootstrap - WELD-000106: Bean: Implicit Bean [javax.enterprise.inject.spi.EventMetadata] with qualifiers [@Default]
DEBUG JavaFX Application Thread org.jboss.weld.Bootstrap - WELD-000106: Bean: Managed Bean [class org.jboss.weld.environment.se.beans.InstanceManager] with qualifiers [@Any @Default]
DEBUG JavaFX Application Thread org.jboss.weld.Bootstrap - WELD-000106: Bean: WELD%AbstractBuiltInBean%org.jboss.weld.environment.deployment.WeldDeployment.additionalClasses%BoundRequestContext
DEBUG JavaFX Application Thread org.jboss.weld.Bootstrap - WELD-000106: Bean: WELD%AbstractBuiltInBean%org.jboss.weld.environment.deployment.WeldDeployment.additionalClasses%SingletonContext
DEBUG JavaFX Application Thread org.jboss.weld.Bootstrap - WELD-000106: Bean: ValidatorFactoryBean [id=org.hibernate.validator.internal.cdi.ValidatorFactoryBean_default]
DEBUG JavaFX Application Thread org.jboss.weld.Bootstrap - WELD-000106: Bean: ValidatorBean [id=org.hibernate.validator.internal.cdi.ValidatorBean_default]
DEBUG JavaFX Application Thread org.jboss.weld.Bootstrap - WELD-000100: Weld initialized. Validating beans
DEBUG JavaFX Application Thread org.jboss.weld.Reflection - WELD-000620: interface javax.enterprise.inject.Decorated is not declared @Target(METHOD, FIELD, PARAMETER, TYPE). Weld will use this annotation, however this may make the application unportable.
DEBUG JavaFX Application Thread org.jboss.weld.Reflection - WELD-000620: interface javax.enterprise.inject.Intercepted is not declared @Target(METHOD, FIELD, PARAMETER, TYPE). Weld will use this annotation, however this may make the application unportable.
WARN JavaFX Application Thread org.hibernate.ejb.HibernatePersistence - HHH015016: Encountered a deprecated javax.persistence.spi.PersistenceProvider [org.hibernate.ejb.HibernatePersistence]; use [org.hibernate.jpa.HibernatePersistenceProvider] instead.
WARN JavaFX Application Thread org.hibernate.ejb.HibernatePersistence - HHH015016: Encountered a deprecated javax.persistence.spi.PersistenceProvider [org.hibernate.ejb.HibernatePersistence]; use [org.hibernate.jpa.HibernatePersistenceProvider] instead.
WARN JavaFX Application Thread org.hibernate.ejb.HibernatePersistence - HHH015016: Encountered a deprecated javax.persistence.spi.PersistenceProvider [org.hibernate.ejb.HibernatePersistence]; use [org.hibernate.jpa.HibernatePersistenceProvider] instead.
DEBUG JavaFX Application Thread org.hibernate.boot.registry.classloading.internal.ClassLoaderServiceImpl - Incoming config yielded no classloaders; adding standard SE ones
DEBUG JavaFX Application Thread org.hibernate.jpa.HibernatePersistenceProvider - Located and parsed 3 persistence units; checking each
DEBUG JavaFX Application Thread org.hibernate.jpa.HibernatePersistenceProvider - Checking persistence-unit [name=banco, explicit-provider=org.hibernate.jpa.HibernatePersistenceProvider] against incoming persistence unit name [banco]
DEBUG JavaFX Application Thread org.hibernate.jpa.boot.spi.ProviderChecker - Persistence-unit [banco] requested PersistenceProvider [org.hibernate.jpa.HibernatePersistenceProvider]
DEBUG JavaFX Application Thread org.hibernate.jpa.internal.util.LogHelper - PersistenceUnitInfo [
	name: banco
	persistence provider classname: org.hibernate.jpa.HibernatePersistenceProvider
	classloader: null
	excludeUnlistedClasses: false
	JTA datasource: null
	Non JTA datasource: null
	Transaction type: RESOURCE_LOCAL
	PU root URL: file:/home/henrique/git/infra-javaFX/infra-javaFX/target/classes/
	Shared Cache Mode: null
	Validation Mode: null
	Jar files URLs []
	Managed classes names []
	Mapping files names []
	Properties [
		javax.persistence.jdbc.driver: com.mysql.jdbc.Driver
		javax.persistence.jdbc.password: 1234
		javax.persistence.jdbc.url: jdbc:mysql://localhost:3306/projeto
		hibernate.dialect: org.hibernate.dialect.MySQLDialect
		hibernate.show_sql: true
		hibernate.hbm2ddl.auto: create-drop
		javax.persistence.jdbc.user: root]
DEBUG JavaFX Application Thread org.hibernate.integrator.internal.IntegratorServiceImpl - Adding Integrator [org.hibernate.cfg.beanvalidation.BeanValidationIntegrator].
DEBUG JavaFX Application Thread org.hibernate.integrator.internal.IntegratorServiceImpl - Adding Integrator [org.hibernate.secure.spi.JaccIntegrator].
DEBUG JavaFX Application Thread org.hibernate.integrator.internal.IntegratorServiceImpl - Adding Integrator [org.hibernate.cache.internal.CollectionCacheInvalidator].
DEBUG JavaFX Application Thread org.hibernate.integrator.internal.IntegratorServiceImpl - Adding Integrator [org.hibernate.jpa.event.spi.JpaIntegrator].
DEBUG JavaFX Application Thread org.hibernate.integrator.internal.IntegratorServiceImpl - Adding Integrator [org.hibernate.envers.event.spi.EnversIntegrator].
DEBUG JavaFX Application Thread org.hibernate.boot.registry.selector.internal.StrategySelectorImpl - Registering named strategy selector [org.hibernate.dialect.Dialect] : [MySQL5] -> [org.hibernate.dialect.MySQL5Dialect] (replacing [org.hibernate.dialect.MySQL5Dialect])
DEBUG JavaFX Application Thread org.hibernate.boot.registry.selector.internal.StrategySelectorImpl - Registering named strategy selector [org.hibernate.dialect.Dialect] : [MySQL5InnoDB] -> [org.hibernate.dialect.MySQL5InnoDBDialect] (replacing [org.hibernate.dialect.MySQL5InnoDBDialect])
INFO JavaFX Application Thread org.hibernate.Version - HHH000412: Hibernate Core {4.3.10.Final}
INFO JavaFX Application Thread org.hibernate.cfg.Environment - HHH000206: hibernate.properties not found
INFO JavaFX Application Thread org.hibernate.cfg.Environment - HHH000021: Bytecode provider name : javassist
DEBUG JavaFX Application Thread org.hibernate.service.spi.ServiceBinding - Overriding existing service binding [org.hibernate.secure.spi.JaccService]
DEBUG JavaFX Application Thread org.hibernate.type.BasicTypeRegistry - Adding type registration boolean -> org.hibernate.type.BooleanType@69ec56c6
DEBUG JavaFX Application Thread org.hibernate.type.BasicTypeRegistry - Adding type registration boolean -> org.hibernate.type.BooleanType@69ec56c6
DEBUG JavaFX Application Thread org.hibernate.type.BasicTypeRegistry - Adding type registration java.lang.Boolean -> org.hibernate.type.BooleanType@69ec56c6
DEBUG JavaFX Application Thread org.hibernate.type.BasicTypeRegistry - Adding type registration numeric_boolean -> org.hibernate.type.NumericBooleanType@375ffa56
DEBUG JavaFX Application Thread org.hibernate.type.BasicTypeRegistry - Adding type registration true_false -> org.hibernate.type.TrueFalseType@4f6fa96
DEBUG JavaFX Application Thread org.hibernate.type.BasicTypeRegistry - Adding type registration yes_no -> org.hibernate.type.YesNoType@5fb9df3a
DEBUG JavaFX Application Thread org.hibernate.type.BasicTypeRegistry - Adding type registration byte -> org.hibernate.type.ByteType@7876df31
DEBUG JavaFX Application Thread org.hibernate.type.BasicTypeRegistry - Adding type registration byte -> org.hibernate.type.ByteType@7876df31
DEBUG JavaFX Application Thread org.hibernate.type.BasicTypeRegistry - Adding type registration java.lang.Byte -> org.hibernate.type.ByteType@7876df31
DEBUG JavaFX Application Thread org.hibernate.type.BasicTypeRegistry - Adding type registration character -> org.hibernate.type.CharacterType@5a91cfe2
DEBUG JavaFX Application Thread org.hibernate.type.BasicTypeRegistry - Adding type registration char -> org.hibernate.type.CharacterType@5a91cfe2
DEBUG JavaFX Application Thread org.hibernate.type.BasicTypeRegistry - Adding type registration java.lang.Character -> org.hibernate.type.CharacterType@5a91cfe2
DEBUG JavaFX Application Thread org.hibernate.type.BasicTypeRegistry - Adding type registration short -> org.hibernate.type.ShortType@3a6ac837
DEBUG JavaFX Application Thread org.hibernate.type.BasicTypeRegistry - Adding type registration short -> org.hibernate.type.ShortType@3a6ac837
DEBUG JavaFX Application Thread org.hibernate.type.BasicTypeRegistry - Adding type registration java.lang.Short -> org.hibernate.type.ShortType@3a6ac837
DEBUG JavaFX Application Thread org.hibernate.type.BasicTypeRegistry - Adding type registration integer -> org.hibernate.type.IntegerType@465861b3
DEBUG JavaFX Application Thread org.hibernate.type.BasicTypeRegistry - Adding type registration int -> org.hibernate.type.IntegerType@465861b3
DEBUG JavaFX Application Thread org.hibernate.type.BasicTypeRegistry - Adding type registration java.lang.Integer -> org.hibernate.type.IntegerType@465861b3
DEBUG JavaFX Application Thread org.hibernate.type.BasicTypeRegistry - Adding type registration long -> org.hibernate.type.LongType@1aa2d7e0
DEBUG JavaFX Application Thread org.hibernate.type.BasicTypeRegistry - Adding type registration long -> org.hibernate.type.LongType@1aa2d7e0
DEBUG JavaFX Application Thread org.hibernate.type.BasicTypeRegistry - Adding type registration java.lang.Long -> org.hibernate.type.LongType@1aa2d7e0
DEBUG JavaFX Application Thread org.hibernate.type.BasicTypeRegistry - Adding type registration float -> org.hibernate.type.FloatType@64ad8333
DEBUG JavaFX Application Thread org.hibernate.type.BasicTypeRegistry - Adding type registration float -> org.hibernate.type.FloatType@64ad8333
DEBUG JavaFX Application Thread org.hibernate.type.BasicTypeRegistry - Adding type registration java.lang.Float -> org.hibernate.type.FloatType@64ad8333
DEBUG JavaFX Application Thread org.hibernate.type.BasicTypeRegistry - Adding type registration double -> org.hibernate.type.DoubleType@705da0b3
DEBUG JavaFX Application Thread org.hibernate.type.BasicTypeRegistry - Adding type registration double -> org.hibernate.type.DoubleType@705da0b3
DEBUG JavaFX Application Thread org.hibernate.type.BasicTypeRegistry - Adding type registration java.lang.Double -> org.hibernate.type.DoubleType@705da0b3
DEBUG JavaFX Application Thread org.hibernate.type.BasicTypeRegistry - Adding type registration big_decimal -> org.hibernate.type.BigDecimalType@53771fe
DEBUG JavaFX Application Thread org.hibernate.type.BasicTypeRegistry - Adding type registration java.math.BigDecimal -> org.hibernate.type.BigDecimalType@53771fe
DEBUG JavaFX Application Thread org.hibernate.type.BasicTypeRegistry - Adding type registration big_integer -> org.hibernate.type.BigIntegerType@3adf4852
DEBUG JavaFX Application Thread org.hibernate.type.BasicTypeRegistry - Adding type registration java.math.BigInteger -> org.hibernate.type.BigIntegerType@3adf4852
DEBUG JavaFX Application Thread org.hibernate.type.BasicTypeRegistry - Adding type registration string -> org.hibernate.type.StringType@13be73ce
DEBUG JavaFX Application Thread org.hibernate.type.BasicTypeRegistry - Adding type registration java.lang.String -> org.hibernate.type.StringType@13be73ce
DEBUG JavaFX Application Thread org.hibernate.type.BasicTypeRegistry - Adding type registration nstring -> org.hibernate.type.StringNVarcharType@8342d49
DEBUG JavaFX Application Thread org.hibernate.type.BasicTypeRegistry - Adding type registration ncharacter -> org.hibernate.type.CharacterNCharType@4dcf8aed
DEBUG JavaFX Application Thread org.hibernate.type.BasicTypeRegistry - Adding type registration url -> org.hibernate.type.UrlType@78e2f72e
DEBUG JavaFX Application Thread org.hibernate.type.BasicTypeRegistry - Adding type registration java.net.URL -> org.hibernate.type.UrlType@78e2f72e
DEBUG JavaFX Application Thread org.hibernate.type.BasicTypeRegistry - Adding type registration date -> org.hibernate.type.DateType@7a7a51d2
DEBUG JavaFX Application Thread org.hibernate.type.BasicTypeRegistry - Adding type registration java.sql.Date -> org.hibernate.type.DateType@7a7a51d2
DEBUG JavaFX Application Thread org.hibernate.type.BasicTypeRegistry - Adding type registration time -> org.hibernate.type.TimeType@53361ce5
DEBUG JavaFX Application Thread org.hibernate.type.BasicTypeRegistry - Adding type registration java.sql.Time -> org.hibernate.type.TimeType@53361ce5
DEBUG JavaFX Application Thread org.hibernate.type.BasicTypeRegistry - Adding type registration timestamp -> org.hibernate.type.TimestampType@60db5f3
DEBUG JavaFX Application Thread org.hibernate.type.BasicTypeRegistry - Adding type registration java.sql.Timestamp -> org.hibernate.type.TimestampType@60db5f3
DEBUG JavaFX Application Thread org.hibernate.type.BasicTypeRegistry - Adding type registration java.util.Date -> org.hibernate.type.TimestampType@60db5f3
DEBUG JavaFX Application Thread org.hibernate.type.BasicTypeRegistry - Adding type registration dbtimestamp -> org.hibernate.type.DbTimestampType@1afeeb4d
DEBUG JavaFX Application Thread org.hibernate.type.BasicTypeRegistry - Adding type registration calendar -> org.hibernate.type.CalendarType@6d885ab7
DEBUG JavaFX Application Thread org.hibernate.type.BasicTypeRegistry - Adding type registration java.util.Calendar -> org.hibernate.type.CalendarType@6d885ab7
DEBUG JavaFX Application Thread org.hibernate.type.BasicTypeRegistry - Adding type registration java.util.GregorianCalendar -> org.hibernate.type.CalendarType@6d885ab7
DEBUG JavaFX Application Thread org.hibernate.type.BasicTypeRegistry - Adding type registration calendar_date -> org.hibernate.type.CalendarDateType@13ff448
DEBUG JavaFX Application Thread org.hibernate.type.BasicTypeRegistry - Adding type registration locale -> org.hibernate.type.LocaleType@43312415
DEBUG JavaFX Application Thread org.hibernate.type.BasicTypeRegistry - Adding type registration java.util.Locale -> org.hibernate.type.LocaleType@43312415
DEBUG JavaFX Application Thread org.hibernate.type.BasicTypeRegistry - Adding type registration currency -> org.hibernate.type.CurrencyType@55b6de76
DEBUG JavaFX Application Thread org.hibernate.type.BasicTypeRegistry - Adding type registration java.util.Currency -> org.hibernate.type.CurrencyType@55b6de76
DEBUG JavaFX Application Thread org.hibernate.type.BasicTypeRegistry - Adding type registration timezone -> org.hibernate.type.TimeZoneType@21accc01
DEBUG JavaFX Application Thread org.hibernate.type.BasicTypeRegistry - Adding type registration java.util.TimeZone -> org.hibernate.type.TimeZoneType@21accc01
DEBUG JavaFX Application Thread org.hibernate.type.BasicTypeRegistry - Adding type registration class -> org.hibernate.type.ClassType@5765d272
DEBUG JavaFX Application Thread org.hibernate.type.BasicTypeRegistry - Adding type registration java.lang.Class -> org.hibernate.type.ClassType@5765d272
DEBUG JavaFX Application Thread org.hibernate.type.BasicTypeRegistry - Adding type registration uuid-binary -> org.hibernate.type.UUIDBinaryType@42646d62
DEBUG JavaFX Application Thread org.hibernate.type.BasicTypeRegistry - Adding type registration java.util.UUID -> org.hibernate.type.UUIDBinaryType@42646d62
DEBUG JavaFX Application Thread org.hibernate.type.BasicTypeRegistry - Adding type registration uuid-char -> org.hibernate.type.UUIDCharType@1436528e
DEBUG JavaFX Application Thread org.hibernate.type.BasicTypeRegistry - Adding type registration pg-uuid -> org.hibernate.type.PostgresUUIDType@550d8e12
DEBUG JavaFX Application Thread org.hibernate.type.BasicTypeRegistry - Adding type registration binary -> org.hibernate.type.BinaryType@630ffc67
DEBUG JavaFX Application Thread org.hibernate.type.BasicTypeRegistry - Adding type registration byte[] -> org.hibernate.type.BinaryType@630ffc67
DEBUG JavaFX Application Thread org.hibernate.type.BasicTypeRegistry - Adding type registration [B -> org.hibernate.type.BinaryType@630ffc67
DEBUG JavaFX Application Thread org.hibernate.type.BasicTypeRegistry - Adding type registration wrapper-binary -> org.hibernate.type.WrapperBinaryType@47d67e76
DEBUG JavaFX Application Thread org.hibernate.type.BasicTypeRegistry - Adding type registration Byte[] -> org.hibernate.type.WrapperBinaryType@47d67e76
DEBUG JavaFX Application Thread org.hibernate.type.BasicTypeRegistry - Adding type registration [Ljava.lang.Byte; -> org.hibernate.type.WrapperBinaryType@47d67e76
DEBUG JavaFX Application Thread org.hibernate.type.BasicTypeRegistry - Adding type registration image -> org.hibernate.type.ImageType@7da2459d
DEBUG JavaFX Application Thread org.hibernate.type.BasicTypeRegistry - Adding type registration characters -> org.hibernate.type.CharArrayType@fd8d740
DEBUG JavaFX Application Thread org.hibernate.type.BasicTypeRegistry - Adding type registration char[] -> org.hibernate.type.CharArrayType@fd8d740
DEBUG JavaFX Application Thread org.hibernate.type.BasicTypeRegistry - Adding type registration [C -> org.hibernate.type.CharArrayType@fd8d740
DEBUG JavaFX Application Thread org.hibernate.type.BasicTypeRegistry - Adding type registration wrapper-characters -> org.hibernate.type.CharacterArrayType@3339b33f
DEBUG JavaFX Application Thread org.hibernate.type.BasicTypeRegistry - Adding type registration [Ljava.lang.Character; -> org.hibernate.type.CharacterArrayType@3339b33f
DEBUG JavaFX Application Thread org.hibernate.type.BasicTypeRegistry - Adding type registration Character[] -> org.hibernate.type.CharacterArrayType@3339b33f
DEBUG JavaFX Application Thread org.hibernate.type.BasicTypeRegistry - Adding type registration text -> org.hibernate.type.TextType@6490cc2
DEBUG JavaFX Application Thread org.hibernate.type.BasicTypeRegistry - Adding type registration ntext -> org.hibernate.type.NTextType@41f33407
DEBUG JavaFX Application Thread org.hibernate.type.BasicTypeRegistry - Adding type registration blob -> org.hibernate.type.BlobType@52d64d38
DEBUG JavaFX Application Thread org.hibernate.type.BasicTypeRegistry - Adding type registration java.sql.Blob -> org.hibernate.type.BlobType@52d64d38
DEBUG JavaFX Application Thread org.hibernate.type.BasicTypeRegistry - Adding type registration materialized_blob -> org.hibernate.type.MaterializedBlobType@7507bc10
DEBUG JavaFX Application Thread org.hibernate.type.BasicTypeRegistry - Adding type registration clob -> org.hibernate.type.ClobType@3f94f79d
DEBUG JavaFX Application Thread org.hibernate.type.BasicTypeRegistry - Adding type registration java.sql.Clob -> org.hibernate.type.ClobType@3f94f79d
DEBUG JavaFX Application Thread org.hibernate.type.BasicTypeRegistry - Adding type registration nclob -> org.hibernate.type.NClobType@32f954fa
DEBUG JavaFX Application Thread org.hibernate.type.BasicTypeRegistry - Adding type registration java.sql.NClob -> org.hibernate.type.NClobType@32f954fa
DEBUG JavaFX Application Thread org.hibernate.type.BasicTypeRegistry - Adding type registration materialized_clob -> org.hibernate.type.MaterializedClobType@320187c5
DEBUG JavaFX Application Thread org.hibernate.type.BasicTypeRegistry - Adding type registration materialized_nclob -> org.hibernate.type.MaterializedNClobType@229992d7
DEBUG JavaFX Application Thread org.hibernate.type.BasicTypeRegistry - Adding type registration serializable -> org.hibernate.type.SerializableType@30a10f17
DEBUG JavaFX Application Thread org.hibernate.type.BasicTypeRegistry - Adding type registration object -> org.hibernate.type.ObjectType@3131914e
DEBUG JavaFX Application Thread org.hibernate.type.BasicTypeRegistry - Adding type registration java.lang.Object -> org.hibernate.type.ObjectType@3131914e
DEBUG JavaFX Application Thread org.hibernate.type.BasicTypeRegistry - Adding type registration imm_date -> org.hibernate.type.AdaptedImmutableType@1b7d882e
DEBUG JavaFX Application Thread org.hibernate.type.BasicTypeRegistry - Adding type registration imm_time -> org.hibernate.type.AdaptedImmutableType@47b12db6
DEBUG JavaFX Application Thread org.hibernate.type.BasicTypeRegistry - Adding type registration imm_timestamp -> org.hibernate.type.AdaptedImmutableType@3395bdab
DEBUG JavaFX Application Thread org.hibernate.type.BasicTypeRegistry - Adding type registration imm_dbtimestamp -> org.hibernate.type.AdaptedImmutableType@4b2454b1
DEBUG JavaFX Application Thread org.hibernate.type.BasicTypeRegistry - Adding type registration imm_calendar -> org.hibernate.type.AdaptedImmutableType@3c6f8903
DEBUG JavaFX Application Thread org.hibernate.type.BasicTypeRegistry - Adding type registration imm_calendar_date -> org.hibernate.type.AdaptedImmutableType@727ddfa5
DEBUG JavaFX Application Thread org.hibernate.type.BasicTypeRegistry - Adding type registration imm_binary -> org.hibernate.type.AdaptedImmutableType@6c1b4ca4
DEBUG JavaFX Application Thread org.hibernate.type.BasicTypeRegistry - Adding type registration imm_serializable -> org.hibernate.type.AdaptedImmutableType@5731c4a
INFO JavaFX Application Thread org.hibernate.annotations.common.Version - HCANN000001: Hibernate Commons Annotations {4.0.5.Final}
DEBUG JavaFX Application Thread org.hibernate.id.factory.internal.DefaultIdentifierGeneratorFactory - Registering IdentifierGenerator strategy [uuid2] -> [org.hibernate.id.UUIDGenerator]
DEBUG JavaFX Application Thread org.hibernate.id.factory.internal.DefaultIdentifierGeneratorFactory - Registering IdentifierGenerator strategy [guid] -> [org.hibernate.id.GUIDGenerator]
DEBUG JavaFX Application Thread org.hibernate.id.factory.internal.DefaultIdentifierGeneratorFactory - Registering IdentifierGenerator strategy [uuid] -> [org.hibernate.id.UUIDHexGenerator]
DEBUG JavaFX Application Thread org.hibernate.id.factory.internal.DefaultIdentifierGeneratorFactory - Registering IdentifierGenerator strategy [uuid.hex] -> [org.hibernate.id.UUIDHexGenerator]
DEBUG JavaFX Application Thread org.hibernate.id.factory.internal.DefaultIdentifierGeneratorFactory - Registering IdentifierGenerator strategy [hilo] -> [org.hibernate.id.TableHiLoGenerator]
DEBUG JavaFX Application Thread org.hibernate.id.factory.internal.DefaultIdentifierGeneratorFactory - Registering IdentifierGenerator strategy [assigned] -> [org.hibernate.id.Assigned]
DEBUG JavaFX Application Thread org.hibernate.id.factory.internal.DefaultIdentifierGeneratorFactory - Registering IdentifierGenerator strategy [identity] -> [org.hibernate.id.IdentityGenerator]
DEBUG JavaFX Application Thread org.hibernate.id.factory.internal.DefaultIdentifierGeneratorFactory - Registering IdentifierGenerator strategy [select] -> [org.hibernate.id.SelectGenerator]
DEBUG JavaFX Application Thread org.hibernate.id.factory.internal.DefaultIdentifierGeneratorFactory - Registering IdentifierGenerator strategy [sequence] -> [org.hibernate.id.SequenceGenerator]
DEBUG JavaFX Application Thread org.hibernate.id.factory.internal.DefaultIdentifierGeneratorFactory - Registering IdentifierGenerator strategy [seqhilo] -> [org.hibernate.id.SequenceHiLoGenerator]
DEBUG JavaFX Application Thread org.hibernate.id.factory.internal.DefaultIdentifierGeneratorFactory - Registering IdentifierGenerator strategy [increment] -> [org.hibernate.id.IncrementGenerator]
DEBUG JavaFX Application Thread org.hibernate.id.factory.internal.DefaultIdentifierGeneratorFactory - Registering IdentifierGenerator strategy [foreign] -> [org.hibernate.id.ForeignGenerator]
DEBUG JavaFX Application Thread org.hibernate.id.factory.internal.DefaultIdentifierGeneratorFactory - Registering IdentifierGenerator strategy [sequence-identity] -> [org.hibernate.id.SequenceIdentityGenerator]
DEBUG JavaFX Application Thread org.hibernate.id.factory.internal.DefaultIdentifierGeneratorFactory - Registering IdentifierGenerator strategy [enhanced-sequence] -> [org.hibernate.id.enhanced.SequenceStyleGenerator]
DEBUG JavaFX Application Thread org.hibernate.id.factory.internal.DefaultIdentifierGeneratorFactory - Registering IdentifierGenerator strategy [enhanced-table] -> [org.hibernate.id.enhanced.TableGenerator]
DEBUG JavaFX Application Thread org.hibernate.cfg.Configuration - Preparing to build session factory with filters : {}
WARN JavaFX Application Thread org.hibernate.engine.jdbc.connections.internal.DriverManagerConnectionProviderImpl - HHH000402: Using Hibernate built-in connection pool (not for production use!)
INFO JavaFX Application Thread org.hibernate.engine.jdbc.connections.internal.DriverManagerConnectionProviderImpl - HHH000401: using driver [com.mysql.jdbc.Driver] at URL [jdbc:mysql://localhost:3306/projeto]
INFO JavaFX Application Thread org.hibernate.engine.jdbc.connections.internal.DriverManagerConnectionProviderImpl - HHH000046: Connection properties: {user=root, password=1234}
INFO JavaFX Application Thread org.hibernate.engine.jdbc.connections.internal.DriverManagerConnectionProviderImpl - HHH000006: Autocommit mode: false
INFO JavaFX Application Thread org.hibernate.engine.jdbc.connections.internal.DriverManagerConnectionProviderImpl - HHH000115: Hibernate connection pool size: 20 (min=1)
DEBUG JavaFX Application Thread org.hibernate.engine.jdbc.connections.internal.DriverManagerConnectionProviderImpl - Initializing Connection pool with 1 Connections
DEBUG JavaFX Application Thread org.hibernate.engine.jdbc.internal.JdbcServicesImpl - Database ->
       name : MySQL
    version : 5.6.27-0ubuntu1
      major : 5
      minor : 6
DEBUG JavaFX Application Thread org.hibernate.engine.jdbc.internal.JdbcServicesImpl - Driver ->
       name : MySQL Connector Java
    version : mysql-connector-java-5.1.35 ( Revision: 5fb9c5849535c13917c2cf9baaece6ef9693ef27 )
      major : 5
      minor : 1
DEBUG JavaFX Application Thread org.hibernate.engine.jdbc.internal.JdbcServicesImpl - JDBC version : 4.0
DEBUG JavaFX Application Thread org.hibernate.engine.jdbc.cursor.internal.StandardRefCursorSupport - Unexpected error trying to gauge level of JDBC REF_CURSOR support : null
INFO JavaFX Application Thread org.hibernate.dialect.Dialect - HHH000400: Using dialect: org.hibernate.dialect.MySQLDialect
DEBUG JavaFX Application Thread org.hibernate.type.BasicTypeRegistry - Adding type registration org.hibernate.envers.internal.entities.RevisionTypeType -> org.hibernate.type.CustomType@3a49a3f0
DEBUG JavaFX Application Thread org.hibernate.cfg.Configuration - Processing hbm.xml files
DEBUG JavaFX Application Thread org.hibernate.cfg.Configuration - Process annotated classes
DEBUG JavaFX Application Thread org.hibernate.cfg.Configuration - Processing fk mappings (*ToOne and JoinedSubclass)
DEBUG JavaFX Application Thread org.hibernate.cfg.Configuration - Processing extends queue
DEBUG JavaFX Application Thread org.hibernate.cfg.Configuration - Processing extends queue
DEBUG JavaFX Application Thread org.hibernate.cfg.Configuration - Processing collection mappings
DEBUG JavaFX Application Thread org.hibernate.cfg.Configuration - Processing native query and ResultSetMapping mappings
DEBUG JavaFX Application Thread org.hibernate.cfg.Configuration - Processing association property references
DEBUG JavaFX Application Thread org.hibernate.cfg.Configuration - Creating tables' unique integer identifiers
DEBUG JavaFX Application Thread org.hibernate.cfg.Configuration - Processing foreign key constraints
DEBUG JavaFX Application Thread org.hibernate.engine.transaction.jta.platform.internal.JtaPlatformInitiator - No JtaPlatform was specified, checking resolver
DEBUG JavaFX Application Thread org.hibernate.engine.transaction.jta.platform.internal.JtaPlatformResolverInitiator - No JtaPlatformResolver was specified, using default [org.hibernate.engine.transaction.jta.platform.internal.StandardJtaPlatformResolver]
DEBUG JavaFX Application Thread org.hibernate.engine.transaction.jta.platform.internal.StandardJtaPlatformResolver - Could not resolve JtaPlatform, using default [org.hibernate.engine.transaction.jta.platform.internal.NoJtaPlatform]
DEBUG JavaFX Application Thread org.hibernate.cfg.SettingsFactory - Automatic flush during beforeCompletion(): disabled
DEBUG JavaFX Application Thread org.hibernate.cfg.SettingsFactory - Automatic session close at end of transaction: disabled
DEBUG JavaFX Application Thread org.hibernate.cfg.SettingsFactory - JDBC batch size: 15
DEBUG JavaFX Application Thread org.hibernate.cfg.SettingsFactory - JDBC batch updates for versioned data: disabled
DEBUG JavaFX Application Thread org.hibernate.cfg.SettingsFactory - Scrollable result sets: enabled
DEBUG JavaFX Application Thread org.hibernate.cfg.SettingsFactory - Wrap result sets: disabled
DEBUG JavaFX Application Thread org.hibernate.cfg.SettingsFactory - JDBC3 getGeneratedKeys(): enabled
DEBUG JavaFX Application Thread org.hibernate.cfg.SettingsFactory - multi-tenancy strategy : NONE
DEBUG JavaFX Application Thread org.hibernate.cfg.SettingsFactory - Connection release mode: auto
DEBUG JavaFX Application Thread org.hibernate.cfg.SettingsFactory - Using BatchFetchStyle : LEGACY
DEBUG JavaFX Application Thread org.hibernate.cfg.SettingsFactory - Maximum outer join fetch depth: 2
DEBUG JavaFX Application Thread org.hibernate.cfg.SettingsFactory - Default batch fetch size: 1
DEBUG JavaFX Application Thread org.hibernate.cfg.SettingsFactory - Generate SQL with comments: disabled
DEBUG JavaFX Application Thread org.hibernate.cfg.SettingsFactory - Order SQL updates by primary key: disabled
DEBUG JavaFX Application Thread org.hibernate.cfg.SettingsFactory - Order SQL inserts for batching: disabled
DEBUG JavaFX Application Thread org.hibernate.cfg.SettingsFactory - Default null ordering: none
DEBUG JavaFX Application Thread org.hibernate.cfg.SettingsFactory - Query translator: org.hibernate.hql.internal.ast.ASTQueryTranslatorFactory
INFO JavaFX Application Thread org.hibernate.hql.internal.ast.ASTQueryTranslatorFactory - HHH000397: Using ASTQueryTranslatorFactory
DEBUG JavaFX Application Thread org.hibernate.cfg.SettingsFactory - Query language substitutions: {}
DEBUG JavaFX Application Thread org.hibernate.cfg.SettingsFactory - JPA-QL strict compliance: disabled
DEBUG JavaFX Application Thread org.hibernate.cfg.SettingsFactory - Second-level cache: enabled
DEBUG JavaFX Application Thread org.hibernate.cfg.SettingsFactory - Query cache: disabled
DEBUG JavaFX Application Thread org.hibernate.cache.internal.RegionFactoryInitiator - Cache region factory : org.hibernate.cache.internal.NoCachingRegionFactory
DEBUG JavaFX Application Thread org.hibernate.cfg.SettingsFactory - Optimize cache for minimal puts: disabled
DEBUG JavaFX Application Thread org.hibernate.cfg.SettingsFactory - Structured second-level cache entries: disabled
DEBUG JavaFX Application Thread org.hibernate.cfg.SettingsFactory - Second-level cache direct-reference entries: disabled
DEBUG JavaFX Application Thread org.hibernate.cfg.SettingsFactory - Automatic eviction of collection cache: disabled
DEBUG JavaFX Application Thread org.hibernate.cfg.SettingsFactory - Statistics: disabled
DEBUG JavaFX Application Thread org.hibernate.cfg.SettingsFactory - Deleted entity synthetic identifier rollback: disabled
DEBUG JavaFX Application Thread org.hibernate.cfg.SettingsFactory - Default entity-mode: pojo
DEBUG JavaFX Application Thread org.hibernate.cfg.SettingsFactory - Named query checking : enabled
DEBUG JavaFX Application Thread org.hibernate.cfg.SettingsFactory - Check Nullability in Core (should be disabled when Bean Validation is on): enabled
DEBUG JavaFX Application Thread org.hibernate.cfg.SettingsFactory - Allow initialization of lazy state outside session : : disabled
DEBUG JavaFX Application Thread org.hibernate.cfg.SettingsFactory - JTA Track by Thread: enabled
DEBUG JavaFX Application Thread org.hibernate.internal.SessionFactoryImpl - Building session factory
DEBUG JavaFX Application Thread org.hibernate.internal.SessionFactoryImpl - Session factory constructed with filter configurations : {}
DEBUG JavaFX Application Thread org.hibernate.internal.SessionFactoryImpl - Instantiating session factory with properties: {javafx.version=8.0.66, java.runtime.name=OpenJDK Runtime Environment, sun.boot.library.path=/usr/lib/jvm/java-8-openjdk-amd64/jre/lib/amd64, java.vm.version=25.66-b17, java.vm.vendor=Oracle Corporation, java.vendor.url=http://java.oracle.com/, path.separator=:, java.vm.name=OpenJDK 64-Bit Server VM, file.encoding.pkg=sun.io, user.country=BR, sun.java.launcher=SUN_STANDARD, sun.os.patch.level=unknown, java.vm.specification.name=Java Virtual Machine Specification, user.dir=/home/henrique/git/infra-javaFX/infra-javaFX, java.runtime.version=1.8.0_66-internal-b17, javax.persistence.jdbc.user=root, java.awt.graphicsenv=sun.awt.X11GraphicsEnvironment, javafx.runtime.version=8.0.66-b17, java.endorsed.dirs=/usr/lib/jvm/java-8-openjdk-amd64/jre/lib/endorsed, os.arch=amd64, java.io.tmpdir=/tmp, line.separator=
, java.vm.specification.vendor=Oracle Corporation, javax.persistence.jdbc.password=1234, os.name=Linux, sun.jnu.encoding=UTF-8, javax.persistence.jdbc.url=jdbc:mysql://localhost:3306/projeto, java.library.path=/usr/java/packages/lib/amd64:/usr/lib/x86_64-linux-gnu/jni:/lib/x86_64-linux-gnu:/usr/lib/x86_64-linux-gnu:/usr/lib/jni:/lib:/usr/lib, javax.persistence.jdbc.driver=com.mysql.jdbc.Driver, hibernate.ejb.persistenceUnitName=banco, java.specification.name=Java Platform API Specification, java.class.version=52.0, sun.management.compiler=HotSpot 64-Bit Tiered Compilers, os.version=4.2.0-18-generic, user.home=/home/henrique, user.timezone=America/Sao_Paulo, java.awt.printerjob=sun.print.PSPrinterJob, java.specification.version=1.8, file.encoding=UTF-8, user.name=henrique, java.class.path=/home/henrique/git/infra-javaFX/infra-javaFX/target/classes:/home/henrique/Arquivos de programs/jdk1.8.0_66/jre/lib/ext/jfxrt.jar:/home/henrique/.m2/repository/org/hibernate/hibernate-entitymanager/4.3.10.Final/hibernate-entitymanager-4.3.10.Final.jar:/home/henrique/.m2/repository/org/jboss/logging/jboss-logging/3.1.3.GA/jboss-logging-3.1.3.GA.jar:/home/henrique/.m2/repository/org/jboss/logging/jboss-logging-annotations/1.2.0.Beta1/jboss-logging-annotations-1.2.0.Beta1.jar:/home/henrique/.m2/repository/org/hibernate/hibernate-core/4.3.10.Final/hibernate-core-4.3.10.Final.jar:/home/henrique/.m2/repository/antlr/antlr/2.7.7/antlr-2.7.7.jar:/home/henrique/.m2/repository/dom4j/dom4j/1.6.1/dom4j-1.6.1.jar:/home/henrique/.m2/repository/xml-apis/xml-apis/1.0.b2/xml-apis-1.0.b2.jar:/home/henrique/.m2/repository/org/hibernate/common/hibernate-commons-annotations/4.0.5.Final/hibernate-commons-annotations-4.0.5.Final.jar:/home/henrique/.m2/repository/org/hibernate/javax/persistence/hibernate-jpa-2.1-api/1.0.0.Final/hibernate-jpa-2.1-api-1.0.0.Final.jar:/home/henrique/.m2/repository/org/jboss/spec/javax/transaction/jboss-transaction-api_1.2_spec/1.0.0.Final/jboss-transaction-api_1.2_spec-1.0.0.Final.jar:/home/henrique/.m2/repository/org/javassist/javassist/3.18.1-GA/javassist-3.18.1-GA.jar:/home/henrique/.m2/repository/org/hibernate/hibernate-osgi/4.3.8.Final/hibernate-osgi-4.3.8.Final.jar:/home/henrique/.m2/repository/org/osgi/org.osgi.core/4.3.1/org.osgi.core-4.3.1.jar:/home/henrique/.m2/repository/org/osgi/org.osgi.compendium/4.3.1/org.osgi.compendium-4.3.1.jar:/home/henrique/.m2/repository/org/hibernate/hibernate-envers/4.3.8.Final/hibernate-envers-4.3.8.Final.jar:/home/henrique/.m2/repository/org/hibernate/hibernate-c3p0/4.3.8.Final/hibernate-c3p0-4.3.8.Final.jar:/home/henrique/.m2/repository/com/mchange/c3p0/0.9.2.1/c3p0-0.9.2.1.jar:/home/henrique/.m2/repository/com/mchange/mchange-commons-java/0.2.3.4/mchange-commons-java-0.2.3.4.jar:/home/henrique/.m2/repository/org/hibernate/hibernate-proxool/4.3.8.Final/hibernate-proxool-4.3.8.Final.jar:/home/henrique/.m2/repository/proxool/proxool/0.8.3/proxool-0.8.3.jar:/home/henrique/.m2/repository/org/hibernate/hibernate-infinispan/4.3.8.Final/hibernate-infinispan-4.3.8.Final.jar:/home/henrique/.m2/repository/org/infinispan/infinispan-core/6.0.0.Final/infinispan-core-6.0.0.Final.jar:/home/henrique/.m2/repository/org/infinispan/infinispan-commons/6.0.0.Final/infinispan-commons-6.0.0.Final.jar:/home/henrique/.m2/repository/org/jgroups/jgroups/3.4.1.Final/jgroups-3.4.1.Final.jar:/home/henrique/.m2/repository/org/jboss/spec/javax/transaction/jboss-transaction-api_1.1_spec/1.0.1.Final/jboss-transaction-api_1.1_spec-1.0.1.Final.jar:/home/henrique/.m2/repository/org/jboss/marshalling/jboss-marshalling-river/1.3.18.GA/jboss-marshalling-river-1.3.18.GA.jar:/home/henrique/.m2/repository/org/jboss/marshalling/jboss-marshalling/1.3.18.GA/jboss-marshalling-1.3.18.GA.jar:/home/henrique/.m2/repository/org/rhq/helpers/rhq-pluginAnnotations/3.0.4/rhq-pluginAnnotations-3.0.4.jar:/home/henrique/.m2/repository/org/hibernate/hibernate-ehcache/4.3.8.Final/hibernate-ehcache-4.3.8.Final.jar:/home/henrique/.m2/repository/net/sf/ehcache/ehcache-core/2.4.3/ehcache-core-2.4.3.jar:/home/henrique/.m2/repository/org/slf4j/slf4j-api/1.6.1/slf4j-api-1.6.1.jar:/home/henrique/.m2/repository/org/jboss/jandex/1.2.2.Final/jandex-1.2.2.Final.jar:/home/henrique/.m2/repository/org/jboss/weld/se/weld-se-core/2.2.15.Final/weld-se-core-2.2.15.Final.jar:/home/henrique/.m2/repository/org/jboss/weld/environment/weld-environment-common/2.2.15.Final/weld-environment-common-2.2.15.Final.jar:/home/henrique/.m2/repository/org/jboss/weld/weld-core-impl/2.2.15.Final/weld-core-impl-2.2.15.Final.jar:/home/henrique/.m2/repository/org/jboss/weld/weld-api/2.2.SP4/weld-api-2.2.SP4.jar:/home/henrique/.m2/repository/org/jboss/weld/weld-spi/2.2.SP4/weld-spi-2.2.SP4.jar:/home/henrique/.m2/repository/org/jboss/classfilewriter/jboss-classfilewriter/1.0.5.Final/jboss-classfilewriter-1.0.5.Final.jar:/home/henrique/.m2/repository/com/google/guava/guava/13.0.1/guava-13.0.1.jar:/home/henrique/.m2/repository/org/jboss/spec/javax/el/jboss-el-api_3.0_spec/1.0.0.Alpha1/jboss-el-api_3.0_spec-1.0.0.Alpha1.jar:/home/henrique/.m2/repository/org/jboss/spec/javax/interceptor/jboss-interceptors-api_1.2_spec/1.0.0.Alpha3/jboss-interceptors-api_1.2_spec-1.0.0.Alpha3.jar:/home/henrique/.m2/repository/javax/enterprise/cdi-api/1.2/cdi-api-1.2.jar:/home/henrique/.m2/repository/javax/inject/javax.inject/1/javax.inject-1.jar:/home/henrique/.m2/repository/org/jboss/spec/javax/annotation/jboss-annotations-api_1.2_spec/1.0.0.Alpha1/jboss-annotations-api_1.2_spec-1.0.0.Alpha1.jar:/home/henrique/.m2/repository/org/jboss/weld/se/weld-se/2.2.15.Final/weld-se-2.2.15.Final.jar:/home/henrique/.m2/repository/postgresql/postgresql/9.1-901-1.jdbc4/postgresql-9.1-901-1.jdbc4.jar:/home/henrique/.m2/repository/mysql/mysql-connector-java/5.1.35/mysql-connector-java-5.1.35.jar:/home/henrique/.m2/repository/org/xerial/sqlite-jdbc/3.7.2/sqlite-jdbc-3.7.2.jar:/home/henrique/.m2/repository/org/jfxtras/jfxtras-labs/8.0-r4/jfxtras-labs-8.0-r4.jar:/home/henrique/.m2/repository/org/jfxtras/jfxtras-controls/8.0-r4/jfxtras-controls-8.0-r4.jar:/home/henrique/.m2/repository/org/jfxtras/jfxtras-fxml/8.0-r4/jfxtras-fxml-8.0-r4.jar:/home/henrique/.m2/repository/org/jfxtras/jfxtras-common/8.0-r4/jfxtras-common-8.0-r4.jar:/home/henrique/git/infrastructure/infrastructure/target/classes:/home/henrique/.m2/repository/org/hibernate/hibernate-validator/5.2.1.Final/hibernate-validator-5.2.1.Final.jar:/home/henrique/.m2/repository/javax/validation/validation-api/1.1.0.Final/validation-api-1.1.0.Final.jar:/home/henrique/.m2/repository/com/fasterxml/classmate/1.1.0/classmate-1.1.0.jar:/home/henrique/.m2/repository/org/hibernate/hibernate-validator-cdi/5.2.1.Final/hibernate-validator-cdi-5.2.1.Final.jar:/home/henrique/.m2/repository/org/apache/shiro/shiro-web/1.2.4/shiro-web-1.2.4.jar:/home/henrique/.m2/repository/org/apache/shiro/shiro-core/1.2.4/shiro-core-1.2.4.jar:/home/henrique/.m2/repository/commons-beanutils/commons-beanutils/1.9.2/commons-beanutils-1.9.2.jar:/home/henrique/.m2/repository/commons-logging/commons-logging/1.1.1/commons-logging-1.1.1.jar:/home/henrique/.m2/repository/commons-collections/commons-collections/3.2.1/commons-collections-3.2.1.jar:/home/henrique/git/generic-dao/generic-dao/target/classes:/home/henrique/.m2/repository/org/apache/commons/commons-lang3/3.4/commons-lang3-3.4.jar:/home/henrique/.m2/repository/log4j/log4j/1.2.17/log4j-1.2.17.jar:/home/henrique/.m2/repository/junit/junit/4.11/junit-4.11.jar:/home/henrique/.m2/repository/org/hamcrest/hamcrest-core/1.3/hamcrest-core-1.3.jar, hibernate.bytecode.use_reflection_optimizer=false, hibernate.show_sql=true, java.vm.specification.version=1.8, sun.arch.data.model=64, java.home=/usr/lib/jvm/java-8-openjdk-amd64/jre, sun.java.command=br.com.datarey.test.Main, hibernate.dialect=org.hibernate.dialect.MySQLDialect, java.specification.vendor=Oracle Corporation, user.language=pt, awt.toolkit=sun.awt.X11.XToolkit, java.vm.info=mixed mode, java.version=1.8.0_66-internal, java.ext.dirs=/usr/lib/jvm/java-8-openjdk-amd64/jre/lib/ext:/usr/java/packages/lib/ext, sun.boot.class.path=/usr/lib/jvm/java-8-openjdk-amd64/jre/lib/resources.jar:/usr/lib/jvm/java-8-openjdk-amd64/jre/lib/rt.jar:/usr/lib/jvm/java-8-openjdk-amd64/jre/lib/sunrsasign.jar:/usr/lib/jvm/java-8-openjdk-amd64/jre/lib/jsse.jar:/usr/lib/jvm/java-8-openjdk-amd64/jre/lib/jce.jar:/usr/lib/jvm/java-8-openjdk-amd64/jre/lib/charsets.jar:/usr/lib/jvm/java-8-openjdk-amd64/jre/lib/jfr.jar:/usr/lib/jvm/java-8-openjdk-amd64/jre/classes, java.vendor=Oracle Corporation, file.separator=/, java.vendor.url.bug=http://bugreport.sun.com/bugreport/, hibernate.hbm2ddl.auto=create-drop, sun.cpu.endian=little, sun.io.unicode.encoding=UnicodeLittle, sun.desktop=gnome, sun.cpu.isalist=}
DEBUG JavaFX Application Thread org.hibernate.validator.internal.engine.resolver.DefaultTraversableResolver - Found javax.persistence.Persistence on classpath containing 'getPersistenceUtil'. Assuming JPA 2 environment. Trying to instantiate JPA aware TraversableResolver
DEBUG JavaFX Application Thread org.hibernate.validator.internal.engine.resolver.DefaultTraversableResolver - Instantiated JPA aware TraversableResolver of type org.hibernate.validator.internal.engine.resolver.JPATraversableResolver.
DEBUG JavaFX Application Thread org.hibernate.validator.internal.xml.ValidationXmlParser - Trying to load META-INF/validation.xml for XML based Validator configuration.
DEBUG JavaFX Application Thread org.hibernate.validator.internal.xml.ResourceLoaderHelper - Trying to load META-INF/validation.xml via TCCL
DEBUG JavaFX Application Thread org.hibernate.validator.internal.xml.ResourceLoaderHelper - Trying to load META-INF/validation.xml via Hibernate Validator's class loader
DEBUG JavaFX Application Thread org.hibernate.validator.internal.xml.ValidationXmlParser - No META-INF/validation.xml found. Using annotation based configuration only.
DEBUG JavaFX Application Thread org.hibernate.secure.spi.JaccIntegrator - Skipping JACC integration as it was not enabled
DEBUG JavaFX Application Thread org.hibernate.engine.spi.CascadeStyles - External cascade style regsitration [persist : STYLE_PERSIST_SKIPLAZY] overrode base registration [STYLE_PERSIST]
DEBUG JavaFX Application Thread org.hibernate.cfg.Configuration - Processing hbm.xml files
DEBUG JavaFX Application Thread org.hibernate.cfg.Configuration - Process annotated classes
DEBUG JavaFX Application Thread org.hibernate.cfg.Configuration - Processing fk mappings (*ToOne and JoinedSubclass)
DEBUG JavaFX Application Thread org.hibernate.cfg.Configuration - Processing extends queue
DEBUG JavaFX Application Thread org.hibernate.cfg.Configuration - Processing extends queue
DEBUG JavaFX Application Thread org.hibernate.cfg.Configuration - Processing collection mappings
DEBUG JavaFX Application Thread org.hibernate.cfg.Configuration - Processing native query and ResultSetMapping mappings
DEBUG JavaFX Application Thread org.hibernate.cfg.Configuration - Processing association property references
DEBUG JavaFX Application Thread org.hibernate.cfg.Configuration - Creating tables' unique integer identifiers
DEBUG JavaFX Application Thread org.hibernate.cfg.Configuration - Processing foreign key constraints
DEBUG JavaFX Application Thread org.hibernate.internal.SessionFactoryRegistry - Initializing SessionFactoryRegistry : org.hibernate.internal.SessionFactoryRegistry@6de6a3b
DEBUG JavaFX Application Thread org.hibernate.internal.SessionFactoryRegistry - Registering SessionFactory: 3a6bcb80-fce0-44b2-9485-7ce4cea905db (<unnamed>)
DEBUG JavaFX Application Thread org.hibernate.internal.SessionFactoryRegistry - Not binding SessionFactory to JNDI, no JNDI name configured
DEBUG JavaFX Application Thread org.hibernate.internal.SessionFactoryImpl - Instantiated session factory
DEBUG JavaFX Application Thread org.hibernate.cfg.Configuration - Processing hbm.xml files
DEBUG JavaFX Application Thread org.hibernate.cfg.Configuration - Process annotated classes
DEBUG JavaFX Application Thread org.hibernate.cfg.Configuration - Processing fk mappings (*ToOne and JoinedSubclass)
DEBUG JavaFX Application Thread org.hibernate.cfg.Configuration - Processing extends queue
DEBUG JavaFX Application Thread org.hibernate.cfg.Configuration - Processing extends queue
DEBUG JavaFX Application Thread org.hibernate.cfg.Configuration - Processing collection mappings
DEBUG JavaFX Application Thread org.hibernate.cfg.Configuration - Processing native query and ResultSetMapping mappings
DEBUG JavaFX Application Thread org.hibernate.cfg.Configuration - Processing association property references
DEBUG JavaFX Application Thread org.hibernate.cfg.Configuration - Creating tables' unique integer identifiers
DEBUG JavaFX Application Thread org.hibernate.cfg.Configuration - Processing foreign key constraints
DEBUG JavaFX Application Thread org.hibernate.cfg.Configuration - Processing hbm.xml files
DEBUG JavaFX Application Thread org.hibernate.cfg.Configuration - Process annotated classes
DEBUG JavaFX Application Thread org.hibernate.cfg.Configuration - Processing fk mappings (*ToOne and JoinedSubclass)
DEBUG JavaFX Application Thread org.hibernate.cfg.Configuration - Processing extends queue
DEBUG JavaFX Application Thread org.hibernate.cfg.Configuration - Processing extends queue
DEBUG JavaFX Application Thread org.hibernate.cfg.Configuration - Processing collection mappings
DEBUG JavaFX Application Thread org.hibernate.cfg.Configuration - Processing native query and ResultSetMapping mappings
DEBUG JavaFX Application Thread org.hibernate.cfg.Configuration - Processing association property references
DEBUG JavaFX Application Thread org.hibernate.cfg.Configuration - Creating tables' unique integer identifiers
DEBUG JavaFX Application Thread org.hibernate.cfg.Configuration - Processing foreign key constraints
INFO JavaFX Application Thread org.hibernate.tool.hbm2ddl.SchemaExport - HHH000227: Running hbm2ddl schema export
DEBUG JavaFX Application Thread org.hibernate.tool.hbm2ddl.SchemaExport - Import file not found: /import.sql
INFO JavaFX Application Thread org.hibernate.tool.hbm2ddl.SchemaExport - HHH000230: Schema export complete
DEBUG JavaFX Application Thread org.hibernate.cfg.Configuration - Processing hbm.xml files
DEBUG JavaFX Application Thread org.hibernate.cfg.Configuration - Process annotated classes
DEBUG JavaFX Application Thread org.hibernate.cfg.Configuration - Processing fk mappings (*ToOne and JoinedSubclass)
DEBUG JavaFX Application Thread org.hibernate.cfg.Configuration - Processing extends queue
DEBUG JavaFX Application Thread org.hibernate.cfg.Configuration - Processing extends queue
DEBUG JavaFX Application Thread org.hibernate.cfg.Configuration - Processing collection mappings
DEBUG JavaFX Application Thread org.hibernate.cfg.Configuration - Processing native query and ResultSetMapping mappings
DEBUG JavaFX Application Thread org.hibernate.cfg.Configuration - Processing association property references
DEBUG JavaFX Application Thread org.hibernate.cfg.Configuration - Creating tables' unique integer identifiers
DEBUG JavaFX Application Thread org.hibernate.cfg.Configuration - Processing foreign key constraints
DEBUG JavaFX Application Thread org.hibernate.cfg.Configuration - Processing hbm.xml files
DEBUG JavaFX Application Thread org.hibernate.cfg.Configuration - Process annotated classes
DEBUG JavaFX Application Thread org.hibernate.cfg.Configuration - Processing fk mappings (*ToOne and JoinedSubclass)
DEBUG JavaFX Application Thread org.hibernate.cfg.Configuration - Processing extends queue
DEBUG JavaFX Application Thread org.hibernate.cfg.Configuration - Processing extends queue
DEBUG JavaFX Application Thread org.hibernate.cfg.Configuration - Processing collection mappings
DEBUG JavaFX Application Thread org.hibernate.cfg.Configuration - Processing native query and ResultSetMapping mappings
DEBUG JavaFX Application Thread org.hibernate.cfg.Configuration - Processing association property references
DEBUG JavaFX Application Thread org.hibernate.cfg.Configuration - Creating tables' unique integer identifiers
DEBUG JavaFX Application Thread org.hibernate.cfg.Configuration - Processing foreign key constraints
DEBUG JavaFX Application Thread org.hibernate.internal.NamedQueryRepository - Checking 0 named HQL queries
DEBUG JavaFX Application Thread org.hibernate.internal.NamedQueryRepository - Checking 0 named SQL queries
DEBUG JavaFX Application Thread org.hibernate.stat.internal.StatisticsInitiator - Statistics initialized [enabled=false]
DEBUG JavaFX Application Thread org.hibernate.jpa.internal.schemagen.JpaSchemaGenerator - No actions specified; doing nothing
DEBUG JavaFX Application Thread org.hibernate.jpa.internal.EntityManagerFactoryRegistry - Initializing EntityManagerFactoryRegistry : org.hibernate.jpa.internal.EntityManagerFactoryRegistry@500959b1
DEBUG JavaFX Application Thread org.hibernate.jpa.internal.EntityManagerFactoryRegistry - Registering EntityManagerFactory: banco 
DEBUG pool-3-thread-1 org.hibernate.engine.jdbc.connections.internal.DriverManagerConnectionProviderImpl - Connection pool now considered primed; min-size will be maintained
